<?xml version="1.0" encoding="UTF-8"?>
<!-- Generated by org.testng.reporters.JUnitXMLReporter -->
<testsuite ignored="0" hostname="INDP277LT" failures="0" tests="3" name="Test" time="45.601" errors="0" timestamp="2021-09-13T10:15:54 IST">
  <testcase classname="com.selenium.testng.TestClass01" name="method01" time="22.478"/>
  <testcase classname="com.selenium.testng.TestClass01" name="method02" time="22.928"/>
  <testcase classname="com.selenium.testng.NewTest" name="f" time="0.002"/>
</testsuite> <!-- Test -->
