<?xml version="1.0" encoding="UTF-8"?>
<testng-results ignored="0" total="1" passed="1" failed="0" skipped="0">
  <reporter-output>
  </reporter-output>
  <suite started-at="2021-09-23T10:34:37 IST" name="Default suite" finished-at="2021-09-23T10:34:46 IST" duration-ms="8818">
    <groups>
    </groups>
    <test started-at="2021-09-23T10:34:37 IST" name="Default test" finished-at="2021-09-23T10:34:46 IST" duration-ms="8818">
      <class name="com.selenium.framework.MouseKeyBoardOps">
        <test-method is-config="true" signature="init()[pri:0, instance:com.selenium.framework.MouseKeyBoardOps@6a03bcb1]" started-at="2021-09-23T10:34:37 IST" name="init" finished-at="2021-09-23T10:34:46 IST" duration-ms="8472" status="PASS">
          <reporter-output>
          </reporter-output>
        </test-method> <!-- init -->
        <test-method signature="keyboardAction()[pri:0, instance:com.selenium.framework.MouseKeyBoardOps@6a03bcb1]" started-at="2021-09-23T10:34:46 IST" name="keyboardAction" finished-at="2021-09-23T10:34:46 IST" duration-ms="299" status="PASS">
          <reporter-output>
          </reporter-output>
        </test-method> <!-- keyboardAction -->
        <test-method is-config="true" signature="tearDown()[pri:0, instance:com.selenium.framework.MouseKeyBoardOps@6a03bcb1]" started-at="2021-09-23T10:34:46 IST" name="tearDown" finished-at="2021-09-23T10:34:46 IST" duration-ms="1" status="PASS">
          <reporter-output>
          </reporter-output>
        </test-method> <!-- tearDown -->
      </class> <!-- com.selenium.framework.MouseKeyBoardOps -->
    </test> <!-- Default test -->
  </suite> <!-- Default suite -->
</testng-results>
